Copyright 1986-2022 Xilinx, Inc. All Rights Reserved. Copyright 2022-2023 Advanced Micro Devices, Inc. All Rights Reserved.
------------------------------------------------------------------------------------------------------------------------------------------------------------------------------------------------------------------------------------------------
| Tool Version : Vivado v.2023.2 (lin64) Build 4029153 Fri Oct 13 20:13:54 MDT 2023
| Date         : Tue Mar 24 15:48:01 2026
| Host         : 1N13490K44 running 64-bit Ubuntu 22.04.5 LTS
| Command      : report_timing_summary -max_paths 10 -report_unconstrained -file width_conv_512_64_timing_summary_routed.rpt -pb width_conv_512_64_timing_summary_routed.pb -rpx width_conv_512_64_timing_summary_routed.rpx -warn_on_violation
| Design       : width_conv_512_64
| Device       : 7z045-ffg900
| Speed File   : -2  PRODUCTION 1.12 2019-11-22
| Design State : Routed
------------------------------------------------------------------------------------------------------------------------------------------------------------------------------------------------------------------------------------------------

Timing Summary Report

------------------------------------------------------------------------------------------------
| Timer Settings
| --------------
------------------------------------------------------------------------------------------------

  Enable Multi Corner Analysis               :  Yes
  Enable Pessimism Removal                   :  Yes
  Pessimism Removal Resolution               :  Nearest Common Node
  Enable Input Delay Default Clock           :  No
  Enable Preset / Clear Arcs                 :  No
  Disable Flight Delays                      :  No
  Ignore I/O Paths                           :  No
  Timing Early Launch at Borrowing Latches   :  No
  Borrow Time for Max Delay Exceptions       :  Yes
  Merge Timing Exceptions                    :  Yes
  Inter-SLR Compensation                     :  Conservative

  Corner  Analyze    Analyze    
  Name    Max Paths  Min Paths  
  ------  ---------  ---------  
  Slow    Yes        Yes        
  Fast    Yes        Yes        


------------------------------------------------------------------------------------------------
| Report Methodology
| ------------------
------------------------------------------------------------------------------------------------

Rule       Severity          Description                  Violations  
---------  ----------------  ---------------------------  ----------  
TIMING-17  Critical Warning  Non-clocked sequential cell  296         

Note: This report is based on the most recent report_methodology run and may not be up-to-date. Run report_methodology on the current design for the latest report.



check_timing report

Table of Contents
-----------------
1. checking no_clock (296)
2. checking constant_clock (0)
3. checking pulse_width_clock (0)
4. checking unconstrained_internal_endpoints (840)
5. checking no_input_delay (260)
6. checking no_output_delay (35)
7. checking multiple_clock (0)
8. checking generated_clocks (0)
9. checking loops (0)
10. checking partial_input_delay (0)
11. checking partial_output_delay (0)
12. checking latch_loops (0)

1. checking no_clock (296)
--------------------------
 There are 296 register/latch pins with no clock driven by root clock pin: aclk (HIGH)


2. checking constant_clock (0)
------------------------------
 There are 0 register/latch pins with constant_clock.


3. checking pulse_width_clock (0)
---------------------------------
 There are 0 register/latch pins which need pulse_width check


4. checking unconstrained_internal_endpoints (840)
--------------------------------------------------
 There are 840 pins that are not constrained for maximum delay. (HIGH)

 There are 0 pins that are not constrained for maximum delay due to constant clock.


5. checking no_input_delay (260)
--------------------------------
 There are 260 input ports with no input delay specified. (HIGH)

 There are 0 input ports with no input delay but user has a false path constraint.


6. checking no_output_delay (35)
--------------------------------
 There are 35 ports with no output delay specified. (HIGH)

 There are 0 ports with no output delay but user has a false path constraint

 There are 0 ports with no output delay but with a timing clock defined on it or propagating through it


7. checking multiple_clock (0)
------------------------------
 There are 0 register/latch pins with multiple clocks.


8. checking generated_clocks (0)
--------------------------------
 There are 0 generated clocks that are not connected to a clock source.


9. checking loops (0)
---------------------
 There are 0 combinational loops in the design.


10. checking partial_input_delay (0)
------------------------------------
 There are 0 input ports with partial input delay specified.


11. checking partial_output_delay (0)
-------------------------------------
 There are 0 ports with partial output delay specified.


12. checking latch_loops (0)
----------------------------
 There are 0 combinational latch loops in the design through latch input



------------------------------------------------------------------------------------------------
| Design Timing Summary
| ---------------------
------------------------------------------------------------------------------------------------

    WNS(ns)      TNS(ns)  TNS Failing Endpoints  TNS Total Endpoints      WHS(ns)      THS(ns)  THS Failing Endpoints  THS Total Endpoints     WPWS(ns)     TPWS(ns)  TPWS Failing Endpoints  TPWS Total Endpoints  
    -------      -------  ---------------------  -------------------      -------      -------  ---------------------  -------------------     --------     --------  ----------------------  --------------------  
        inf        0.000                      0                  875          inf        0.000                      0                  875           NA           NA                      NA                    NA  


There are no user specified timing constraints.


------------------------------------------------------------------------------------------------
| Clock Summary
| -------------
------------------------------------------------------------------------------------------------


------------------------------------------------------------------------------------------------
| Intra Clock Table
| -----------------
------------------------------------------------------------------------------------------------

Clock             WNS(ns)      TNS(ns)  TNS Failing Endpoints  TNS Total Endpoints      WHS(ns)      THS(ns)  THS Failing Endpoints  THS Total Endpoints     WPWS(ns)     TPWS(ns)  TPWS Failing Endpoints  TPWS Total Endpoints  
-----             -------      -------  ---------------------  -------------------      -------      -------  ---------------------  -------------------     --------     --------  ----------------------  --------------------  


------------------------------------------------------------------------------------------------
| Inter Clock Table
| -----------------
------------------------------------------------------------------------------------------------

From Clock    To Clock          WNS(ns)      TNS(ns)  TNS Failing Endpoints  TNS Total Endpoints      WHS(ns)      THS(ns)  THS Failing Endpoints  THS Total Endpoints  
----------    --------          -------      -------  ---------------------  -------------------      -------      -------  ---------------------  -------------------  


------------------------------------------------------------------------------------------------
| Other Path Groups Table
| -----------------------
------------------------------------------------------------------------------------------------

Path Group    From Clock    To Clock          WNS(ns)      TNS(ns)  TNS Failing Endpoints  TNS Total Endpoints      WHS(ns)      THS(ns)  THS Failing Endpoints  THS Total Endpoints  
----------    ----------    --------          -------      -------  ---------------------  -------------------      -------      -------  ---------------------  -------------------  


------------------------------------------------------------------------------------------------
| User Ignored Path Table
| -----------------------
------------------------------------------------------------------------------------------------

Path Group    From Clock    To Clock    
----------    ----------    --------    


------------------------------------------------------------------------------------------------
| Unconstrained Path Table
| ------------------------
------------------------------------------------------------------------------------------------

Path Group    From Clock    To Clock    
----------    ----------    --------    
(none)                                    


------------------------------------------------------------------------------------------------
| Timing Details
| --------------
------------------------------------------------------------------------------------------------


--------------------------------------------------------------------------------------
Path Group:  (none)
From Clock:  
  To Clock:  

Max Delay           875 Endpoints
Min Delay           875 Endpoints
--------------------------------------------------------------------------------------


Max Delay Paths
--------------------------------------------------------------------------------------
Slack:                    inf
  Source:                 S_AXIS_TVALID
                            (input port)
  Destination:            buffer_reg[0][4]/CE
  Path Group:             (none)
  Path Type:              Max at Slow Process Corner
  Data Path Delay:        9.561ns  (logic 0.656ns (6.860%)  route 8.906ns (93.140%))
  Logic Levels:           2  (IBUF=1 LUT2=1)

    Location             Delay type                Incr(ns)  Path(ns)    Netlist Resource(s)
  -------------------------------------------------------------------    -------------------
    E11                                               0.000     0.000 r  S_AXIS_TVALID (IN)
                         net (fo=0)                   0.000     0.000    S_AXIS_TVALID
    E11                  IBUF (Prop_ibuf_I_O)         0.613     0.613 r  S_AXIS_TVALID_IBUF_inst/O
                         net (fo=3, routed)           4.659     5.272    S_AXIS_TVALID_IBUF
    SLICE_X2Y201         LUT2 (Prop_lut2_I0_O)        0.043     5.315 r  buffer[0][31]_i_2/O
                         net (fo=256, routed)         4.246     9.561    buffer[0][31]_i_2_n_0
    SLICE_X1Y155         FDRE                                         r  buffer_reg[0][4]/CE
  -------------------------------------------------------------------    -------------------

Slack:                    inf
  Source:                 S_AXIS_TVALID
                            (input port)
  Destination:            buffer_reg[1][26]/CE
  Path Group:             (none)
  Path Type:              Max at Slow Process Corner
  Data Path Delay:        9.561ns  (logic 0.656ns (6.860%)  route 8.906ns (93.140%))
  Logic Levels:           2  (IBUF=1 LUT2=1)

    Location             Delay type                Incr(ns)  Path(ns)    Netlist Resource(s)
  -------------------------------------------------------------------    -------------------
    E11                                               0.000     0.000 r  S_AXIS_TVALID (IN)
                         net (fo=0)                   0.000     0.000    S_AXIS_TVALID
    E11                  IBUF (Prop_ibuf_I_O)         0.613     0.613 r  S_AXIS_TVALID_IBUF_inst/O
                         net (fo=3, routed)           4.659     5.272    S_AXIS_TVALID_IBUF
    SLICE_X2Y201         LUT2 (Prop_lut2_I0_O)        0.043     5.315 r  buffer[0][31]_i_2/O
                         net (fo=256, routed)         4.246     9.561    buffer[0][31]_i_2_n_0
    SLICE_X1Y155         FDRE                                         r  buffer_reg[1][26]/CE
  -------------------------------------------------------------------    -------------------

Slack:                    inf
  Source:                 S_AXIS_TVALID
                            (input port)
  Destination:            buffer_reg[2][18]/CE
  Path Group:             (none)
  Path Type:              Max at Slow Process Corner
  Data Path Delay:        9.451ns  (logic 0.656ns (6.940%)  route 8.795ns (93.060%))
  Logic Levels:           2  (IBUF=1 LUT2=1)

    Location             Delay type                Incr(ns)  Path(ns)    Netlist Resource(s)
  -------------------------------------------------------------------    -------------------
    E11                                               0.000     0.000 r  S_AXIS_TVALID (IN)
                         net (fo=0)                   0.000     0.000    S_AXIS_TVALID
    E11                  IBUF (Prop_ibuf_I_O)         0.613     0.613 r  S_AXIS_TVALID_IBUF_inst/O
                         net (fo=3, routed)           4.659     5.272    S_AXIS_TVALID_IBUF
    SLICE_X2Y201         LUT2 (Prop_lut2_I0_O)        0.043     5.315 r  buffer[0][31]_i_2/O
                         net (fo=256, routed)         4.136     9.451    buffer[0][31]_i_2_n_0
    SLICE_X0Y155         FDRE                                         r  buffer_reg[2][18]/CE
  -------------------------------------------------------------------    -------------------

Slack:                    inf
  Source:                 S_AXIS_TVALID
                            (input port)
  Destination:            buffer_reg[2][2]/CE
  Path Group:             (none)
  Path Type:              Max at Slow Process Corner
  Data Path Delay:        9.451ns  (logic 0.656ns (6.940%)  route 8.795ns (93.060%))
  Logic Levels:           2  (IBUF=1 LUT2=1)

    Location             Delay type                Incr(ns)  Path(ns)    Netlist Resource(s)
  -------------------------------------------------------------------    -------------------
    E11                                               0.000     0.000 r  S_AXIS_TVALID (IN)
                         net (fo=0)                   0.000     0.000    S_AXIS_TVALID
    E11                  IBUF (Prop_ibuf_I_O)         0.613     0.613 r  S_AXIS_TVALID_IBUF_inst/O
                         net (fo=3, routed)           4.659     5.272    S_AXIS_TVALID_IBUF
    SLICE_X2Y201         LUT2 (Prop_lut2_I0_O)        0.043     5.315 r  buffer[0][31]_i_2/O
                         net (fo=256, routed)         4.136     9.451    buffer[0][31]_i_2_n_0
    SLICE_X0Y155         FDRE                                         r  buffer_reg[2][2]/CE
  -------------------------------------------------------------------    -------------------

Slack:                    inf
  Source:                 S_AXIS_TVALID
                            (input port)
  Destination:            buffer_reg[3][2]/CE
  Path Group:             (none)
  Path Type:              Max at Slow Process Corner
  Data Path Delay:        9.451ns  (logic 0.656ns (6.940%)  route 8.795ns (93.060%))
  Logic Levels:           2  (IBUF=1 LUT2=1)

    Location             Delay type                Incr(ns)  Path(ns)    Netlist Resource(s)
  -------------------------------------------------------------------    -------------------
    E11                                               0.000     0.000 r  S_AXIS_TVALID (IN)
                         net (fo=0)                   0.000     0.000    S_AXIS_TVALID
    E11                  IBUF (Prop_ibuf_I_O)         0.613     0.613 r  S_AXIS_TVALID_IBUF_inst/O
                         net (fo=3, routed)           4.659     5.272    S_AXIS_TVALID_IBUF
    SLICE_X2Y201         LUT2 (Prop_lut2_I0_O)        0.043     5.315 r  buffer[0][31]_i_2/O
                         net (fo=256, routed)         4.136     9.451    buffer[0][31]_i_2_n_0
    SLICE_X0Y155         FDRE                                         r  buffer_reg[3][2]/CE
  -------------------------------------------------------------------    -------------------

Slack:                    inf
  Source:                 S_AXIS_TVALID
                            (input port)
  Destination:            buffer_reg[3][7]/CE
  Path Group:             (none)
  Path Type:              Max at Slow Process Corner
  Data Path Delay:        9.451ns  (logic 0.656ns (6.940%)  route 8.795ns (93.060%))
  Logic Levels:           2  (IBUF=1 LUT2=1)

    Location             Delay type                Incr(ns)  Path(ns)    Netlist Resource(s)
  -------------------------------------------------------------------    -------------------
    E11                                               0.000     0.000 r  S_AXIS_TVALID (IN)
                         net (fo=0)                   0.000     0.000    S_AXIS_TVALID
    E11                  IBUF (Prop_ibuf_I_O)         0.613     0.613 r  S_AXIS_TVALID_IBUF_inst/O
                         net (fo=3, routed)           4.659     5.272    S_AXIS_TVALID_IBUF
    SLICE_X2Y201         LUT2 (Prop_lut2_I0_O)        0.043     5.315 r  buffer[0][31]_i_2/O
                         net (fo=256, routed)         4.136     9.451    buffer[0][31]_i_2_n_0
    SLICE_X0Y155         FDRE                                         r  buffer_reg[3][7]/CE
  -------------------------------------------------------------------    -------------------

Slack:                    inf
  Source:                 S_AXIS_TVALID
                            (input port)
  Destination:            buffer_reg[0][2]/CE
  Path Group:             (none)
  Path Type:              Max at Slow Process Corner
  Data Path Delay:        9.393ns  (logic 0.656ns (6.983%)  route 8.737ns (93.017%))
  Logic Levels:           2  (IBUF=1 LUT2=1)

    Location             Delay type                Incr(ns)  Path(ns)    Netlist Resource(s)
  -------------------------------------------------------------------    -------------------
    E11                                               0.000     0.000 r  S_AXIS_TVALID (IN)
                         net (fo=0)                   0.000     0.000    S_AXIS_TVALID
    E11                  IBUF (Prop_ibuf_I_O)         0.613     0.613 r  S_AXIS_TVALID_IBUF_inst/O
                         net (fo=3, routed)           4.659     5.272    S_AXIS_TVALID_IBUF
    SLICE_X2Y201         LUT2 (Prop_lut2_I0_O)        0.043     5.315 r  buffer[0][31]_i_2/O
                         net (fo=256, routed)         4.078     9.393    buffer[0][31]_i_2_n_0
    SLICE_X1Y157         FDRE                                         r  buffer_reg[0][2]/CE
  -------------------------------------------------------------------    -------------------

Slack:                    inf
  Source:                 S_AXIS_TVALID
                            (input port)
  Destination:            buffer_reg[1][24]/CE
  Path Group:             (none)
  Path Type:              Max at Slow Process Corner
  Data Path Delay:        9.393ns  (logic 0.656ns (6.983%)  route 8.737ns (93.017%))
  Logic Levels:           2  (IBUF=1 LUT2=1)

    Location             Delay type                Incr(ns)  Path(ns)    Netlist Resource(s)
  -------------------------------------------------------------------    -------------------
    E11                                               0.000     0.000 r  S_AXIS_TVALID (IN)
                         net (fo=0)                   0.000     0.000    S_AXIS_TVALID
    E11                  IBUF (Prop_ibuf_I_O)         0.613     0.613 r  S_AXIS_TVALID_IBUF_inst/O
                         net (fo=3, routed)           4.659     5.272    S_AXIS_TVALID_IBUF
    SLICE_X2Y201         LUT2 (Prop_lut2_I0_O)        0.043     5.315 r  buffer[0][31]_i_2/O
                         net (fo=256, routed)         4.078     9.393    buffer[0][31]_i_2_n_0
    SLICE_X1Y157         FDRE                                         r  buffer_reg[1][24]/CE
  -------------------------------------------------------------------    -------------------

Slack:                    inf
  Source:                 S_AXIS_TVALID
                            (input port)
  Destination:            buffer_reg[1][25]/CE
  Path Group:             (none)
  Path Type:              Max at Slow Process Corner
  Data Path Delay:        9.393ns  (logic 0.656ns (6.983%)  route 8.737ns (93.017%))
  Logic Levels:           2  (IBUF=1 LUT2=1)

    Location             Delay type                Incr(ns)  Path(ns)    Netlist Resource(s)
  -------------------------------------------------------------------    -------------------
    E11                                               0.000     0.000 r  S_AXIS_TVALID (IN)
                         net (fo=0)                   0.000     0.000    S_AXIS_TVALID
    E11                  IBUF (Prop_ibuf_I_O)         0.613     0.613 r  S_AXIS_TVALID_IBUF_inst/O
                         net (fo=3, routed)           4.659     5.272    S_AXIS_TVALID_IBUF
    SLICE_X2Y201         LUT2 (Prop_lut2_I0_O)        0.043     5.315 r  buffer[0][31]_i_2/O
                         net (fo=256, routed)         4.078     9.393    buffer[0][31]_i_2_n_0
    SLICE_X1Y157         FDRE                                         r  buffer_reg[1][25]/CE
  -------------------------------------------------------------------    -------------------

Slack:                    inf
  Source:                 S_AXIS_TVALID
                            (input port)
  Destination:            buffer_reg[2][13]/CE
  Path Group:             (none)
  Path Type:              Max at Slow Process Corner
  Data Path Delay:        9.393ns  (logic 0.656ns (6.983%)  route 8.737ns (93.017%))
  Logic Levels:           2  (IBUF=1 LUT2=1)

    Location             Delay type                Incr(ns)  Path(ns)    Netlist Resource(s)
  -------------------------------------------------------------------    -------------------
    E11                                               0.000     0.000 r  S_AXIS_TVALID (IN)
                         net (fo=0)                   0.000     0.000    S_AXIS_TVALID
    E11                  IBUF (Prop_ibuf_I_O)         0.613     0.613 r  S_AXIS_TVALID_IBUF_inst/O
                         net (fo=3, routed)           4.659     5.272    S_AXIS_TVALID_IBUF
    SLICE_X2Y201         LUT2 (Prop_lut2_I0_O)        0.043     5.315 r  buffer[0][31]_i_2/O
                         net (fo=256, routed)         4.078     9.393    buffer[0][31]_i_2_n_0
    SLICE_X1Y157         FDRE                                         r  buffer_reg[2][13]/CE
  -------------------------------------------------------------------    -------------------





Min Delay Paths
--------------------------------------------------------------------------------------
Slack:                    inf
  Source:                 buffer_reg[4][27]/C
                            (rising edge-triggered cell FDRE)
  Destination:            data_to_send_on_M_TDATA_reg[27]/D
  Path Group:             (none)
  Path Type:              Min at Fast Process Corner
  Data Path Delay:        0.237ns  (logic 0.182ns (76.946%)  route 0.055ns (23.054%))
  Logic Levels:           3  (FDRE=1 LUT6=1 MUXF7=1)

    Location             Delay type                Incr(ns)  Path(ns)    Netlist Resource(s)
  -------------------------------------------------------------------    -------------------
    SLICE_X1Y199         FDRE                         0.000     0.000 r  buffer_reg[4][27]/C
    SLICE_X1Y199         FDRE (Prop_fdre_C_Q)         0.100     0.100 r  buffer_reg[4][27]/Q
                         net (fo=1, routed)           0.055     0.155    buffer_reg[4][27]
    SLICE_X0Y199         LUT6 (Prop_lut6_I5_O)        0.028     0.183 r  data_to_send_on_M_TDATA[27]_i_3/O
                         net (fo=1, routed)           0.000     0.183    data_to_send_on_M_TDATA[27]_i_3_n_0
    SLICE_X0Y199         MUXF7 (Prop_muxf7_I1_O)      0.054     0.237 r  data_to_send_on_M_TDATA_reg[27]_i_1/O
                         net (fo=1, routed)           0.000     0.237    buffer[27]
    SLICE_X0Y199         FDRE                                         r  data_to_send_on_M_TDATA_reg[27]/D
  -------------------------------------------------------------------    -------------------

Slack:                    inf
  Source:                 buffer_reg[4][26]/C
                            (rising edge-triggered cell FDRE)
  Destination:            data_to_send_on_M_TDATA_reg[26]/D
  Path Group:             (none)
  Path Type:              Min at Fast Process Corner
  Data Path Delay:        0.252ns  (logic 0.171ns (67.984%)  route 0.081ns (32.016%))
  Logic Levels:           3  (FDRE=1 LUT6=1 MUXF7=1)

    Location             Delay type                Incr(ns)  Path(ns)    Netlist Resource(s)
  -------------------------------------------------------------------    -------------------
    SLICE_X1Y199         FDRE                         0.000     0.000 r  buffer_reg[4][26]/C
    SLICE_X1Y199         FDRE (Prop_fdre_C_Q)         0.100     0.100 r  buffer_reg[4][26]/Q
                         net (fo=1, routed)           0.081     0.181    buffer_reg[4][26]
    SLICE_X0Y199         LUT6 (Prop_lut6_I5_O)        0.028     0.209 r  data_to_send_on_M_TDATA[26]_i_3/O
                         net (fo=1, routed)           0.000     0.209    data_to_send_on_M_TDATA[26]_i_3_n_0
    SLICE_X0Y199         MUXF7 (Prop_muxf7_I1_O)      0.043     0.252 r  data_to_send_on_M_TDATA_reg[26]_i_1/O
                         net (fo=1, routed)           0.000     0.252    buffer[26]
    SLICE_X0Y199         FDRE                                         r  data_to_send_on_M_TDATA_reg[26]/D
  -------------------------------------------------------------------    -------------------

Slack:                    inf
  Source:                 buffer_reg[4][5]/C
                            (rising edge-triggered cell FDRE)
  Destination:            data_to_send_on_M_TDATA_reg[5]/D
  Path Group:             (none)
  Path Type:              Min at Fast Process Corner
  Data Path Delay:        0.252ns  (logic 0.171ns (67.984%)  route 0.081ns (32.016%))
  Logic Levels:           3  (FDRE=1 LUT6=1 MUXF7=1)

    Location             Delay type                Incr(ns)  Path(ns)    Netlist Resource(s)
  -------------------------------------------------------------------    -------------------
    SLICE_X1Y177         FDRE                         0.000     0.000 r  buffer_reg[4][5]/C
    SLICE_X1Y177         FDRE (Prop_fdre_C_Q)         0.100     0.100 r  buffer_reg[4][5]/Q
                         net (fo=1, routed)           0.081     0.181    buffer_reg[4][5]
    SLICE_X0Y177         LUT6 (Prop_lut6_I5_O)        0.028     0.209 r  data_to_send_on_M_TDATA[5]_i_3/O
                         net (fo=1, routed)           0.000     0.209    data_to_send_on_M_TDATA[5]_i_3_n_0
    SLICE_X0Y177         MUXF7 (Prop_muxf7_I1_O)      0.043     0.252 r  data_to_send_on_M_TDATA_reg[5]_i_1/O
                         net (fo=1, routed)           0.000     0.252    buffer[5]
    SLICE_X0Y177         FDRE                                         r  data_to_send_on_M_TDATA_reg[5]/D
  -------------------------------------------------------------------    -------------------

Slack:                    inf
  Source:                 buffer_reg[4][17]/C
                            (rising edge-triggered cell FDRE)
  Destination:            data_to_send_on_M_TDATA_reg[17]/D
  Path Group:             (none)
  Path Type:              Min at Fast Process Corner
  Data Path Delay:        0.256ns  (logic 0.205ns (80.225%)  route 0.051ns (19.775%))
  Logic Levels:           3  (FDRE=1 LUT6=1 MUXF7=1)

    Location             Delay type                Incr(ns)  Path(ns)    Netlist Resource(s)
  -------------------------------------------------------------------    -------------------
    SLICE_X0Y189         FDRE                         0.000     0.000 r  buffer_reg[4][17]/C
    SLICE_X0Y189         FDRE (Prop_fdre_C_Q)         0.118     0.118 r  buffer_reg[4][17]/Q
                         net (fo=1, routed)           0.051     0.169    buffer_reg[4][17]
    SLICE_X1Y189         LUT6 (Prop_lut6_I5_O)        0.028     0.197 r  data_to_send_on_M_TDATA[17]_i_3/O
                         net (fo=1, routed)           0.000     0.197    data_to_send_on_M_TDATA[17]_i_3_n_0
    SLICE_X1Y189         MUXF7 (Prop_muxf7_I1_O)      0.059     0.256 r  data_to_send_on_M_TDATA_reg[17]_i_1/O
                         net (fo=1, routed)           0.000     0.256    buffer[17]
    SLICE_X1Y189         FDRE                                         r  data_to_send_on_M_TDATA_reg[17]/D
  -------------------------------------------------------------------    -------------------

Slack:                    inf
  Source:                 buffer_reg[4][19]/C
                            (rising edge-triggered cell FDRE)
  Destination:            data_to_send_on_M_TDATA_reg[19]/D
  Path Group:             (none)
  Path Type:              Min at Fast Process Corner
  Data Path Delay:        0.256ns  (logic 0.205ns (80.225%)  route 0.051ns (19.775%))
  Logic Levels:           3  (FDRE=1 LUT6=1 MUXF7=1)

    Location             Delay type                Incr(ns)  Path(ns)    Netlist Resource(s)
  -------------------------------------------------------------------    -------------------
    SLICE_X0Y191         FDRE                         0.000     0.000 r  buffer_reg[4][19]/C
    SLICE_X0Y191         FDRE (Prop_fdre_C_Q)         0.118     0.118 r  buffer_reg[4][19]/Q
                         net (fo=1, routed)           0.051     0.169    buffer_reg[4][19]
    SLICE_X1Y191         LUT6 (Prop_lut6_I5_O)        0.028     0.197 r  data_to_send_on_M_TDATA[19]_i_3/O
                         net (fo=1, routed)           0.000     0.197    data_to_send_on_M_TDATA[19]_i_3_n_0
    SLICE_X1Y191         MUXF7 (Prop_muxf7_I1_O)      0.059     0.256 r  data_to_send_on_M_TDATA_reg[19]_i_1/O
                         net (fo=1, routed)           0.000     0.256    buffer[19]
    SLICE_X1Y191         FDRE                                         r  data_to_send_on_M_TDATA_reg[19]/D
  -------------------------------------------------------------------    -------------------

Slack:                    inf
  Source:                 buffer_reg[4][21]/C
                            (rising edge-triggered cell FDRE)
  Destination:            data_to_send_on_M_TDATA_reg[21]/D
  Path Group:             (none)
  Path Type:              Min at Fast Process Corner
  Data Path Delay:        0.256ns  (logic 0.205ns (80.225%)  route 0.051ns (19.775%))
  Logic Levels:           3  (FDRE=1 LUT6=1 MUXF7=1)

    Location             Delay type                Incr(ns)  Path(ns)    Netlist Resource(s)
  -------------------------------------------------------------------    -------------------
    SLICE_X0Y193         FDRE                         0.000     0.000 r  buffer_reg[4][21]/C
    SLICE_X0Y193         FDRE (Prop_fdre_C_Q)         0.118     0.118 r  buffer_reg[4][21]/Q
                         net (fo=1, routed)           0.051     0.169    buffer_reg[4][21]
    SLICE_X1Y193         LUT6 (Prop_lut6_I5_O)        0.028     0.197 r  data_to_send_on_M_TDATA[21]_i_3/O
                         net (fo=1, routed)           0.000     0.197    data_to_send_on_M_TDATA[21]_i_3_n_0
    SLICE_X1Y193         MUXF7 (Prop_muxf7_I1_O)      0.059     0.256 r  data_to_send_on_M_TDATA_reg[21]_i_1/O
                         net (fo=1, routed)           0.000     0.256    buffer[21]
    SLICE_X1Y193         FDRE                                         r  data_to_send_on_M_TDATA_reg[21]/D
  -------------------------------------------------------------------    -------------------

Slack:                    inf
  Source:                 buffer_reg[4][25]/C
                            (rising edge-triggered cell FDRE)
  Destination:            data_to_send_on_M_TDATA_reg[25]/D
  Path Group:             (none)
  Path Type:              Min at Fast Process Corner
  Data Path Delay:        0.256ns  (logic 0.205ns (80.225%)  route 0.051ns (19.775%))
  Logic Levels:           3  (FDRE=1 LUT6=1 MUXF7=1)

    Location             Delay type                Incr(ns)  Path(ns)    Netlist Resource(s)
  -------------------------------------------------------------------    -------------------
    SLICE_X0Y197         FDRE                         0.000     0.000 r  buffer_reg[4][25]/C
    SLICE_X0Y197         FDRE (Prop_fdre_C_Q)         0.118     0.118 r  buffer_reg[4][25]/Q
                         net (fo=1, routed)           0.051     0.169    buffer_reg[4][25]
    SLICE_X1Y197         LUT6 (Prop_lut6_I5_O)        0.028     0.197 r  data_to_send_on_M_TDATA[25]_i_3/O
                         net (fo=1, routed)           0.000     0.197    data_to_send_on_M_TDATA[25]_i_3_n_0
    SLICE_X1Y197         MUXF7 (Prop_muxf7_I1_O)      0.059     0.256 r  data_to_send_on_M_TDATA_reg[25]_i_1/O
                         net (fo=1, routed)           0.000     0.256    buffer[25]
    SLICE_X1Y197         FDRE                                         r  data_to_send_on_M_TDATA_reg[25]/D
  -------------------------------------------------------------------    -------------------

Slack:                    inf
  Source:                 m_tlast_reg/C
                            (rising edge-triggered cell FDRE)
  Destination:            m_tlast_reg/D
  Path Group:             (none)
  Path Type:              Min at Fast Process Corner
  Data Path Delay:        0.257ns  (logic 0.128ns (49.897%)  route 0.129ns (50.103%))
  Logic Levels:           2  (FDRE=1 LUT4=1)

    Location             Delay type                Incr(ns)  Path(ns)    Netlist Resource(s)
  -------------------------------------------------------------------    -------------------
    SLICE_X1Y180         FDRE                         0.000     0.000 r  m_tlast_reg/C
    SLICE_X1Y180         FDRE (Prop_fdre_C_Q)         0.100     0.100 r  m_tlast_reg/Q
                         net (fo=2, routed)           0.129     0.229    m_tlast_reg_n_0
    SLICE_X1Y180         LUT4 (Prop_lut4_I0_O)        0.028     0.257 r  m_tlast_i_1/O
                         net (fo=1, routed)           0.000     0.257    m_tlast_i_1_n_0
    SLICE_X1Y180         FDRE                                         r  m_tlast_reg/D
  -------------------------------------------------------------------    -------------------

Slack:                    inf
  Source:                 buffer_reg[4][10]/C
                            (rising edge-triggered cell FDRE)
  Destination:            data_to_send_on_M_TDATA_reg[10]/D
  Path Group:             (none)
  Path Type:              Min at Fast Process Corner
  Data Path Delay:        0.274ns  (logic 0.197ns (72.021%)  route 0.077ns (27.979%))
  Logic Levels:           3  (FDRE=1 LUT6=1 MUXF7=1)

    Location             Delay type                Incr(ns)  Path(ns)    Netlist Resource(s)
  -------------------------------------------------------------------    -------------------
    SLICE_X0Y182         FDRE                         0.000     0.000 r  buffer_reg[4][10]/C
    SLICE_X0Y182         FDRE (Prop_fdre_C_Q)         0.118     0.118 r  buffer_reg[4][10]/Q
                         net (fo=1, routed)           0.077     0.195    buffer_reg[4][10]
    SLICE_X1Y182         LUT6 (Prop_lut6_I5_O)        0.028     0.223 r  data_to_send_on_M_TDATA[10]_i_3/O
                         net (fo=1, routed)           0.000     0.223    data_to_send_on_M_TDATA[10]_i_3_n_0
    SLICE_X1Y182         MUXF7 (Prop_muxf7_I1_O)      0.051     0.274 r  data_to_send_on_M_TDATA_reg[10]_i_1/O
                         net (fo=1, routed)           0.000     0.274    buffer[10]
    SLICE_X1Y182         FDRE                                         r  data_to_send_on_M_TDATA_reg[10]/D
  -------------------------------------------------------------------    -------------------

Slack:                    inf
  Source:                 buffer_reg[4][16]/C
                            (rising edge-triggered cell FDRE)
  Destination:            data_to_send_on_M_TDATA_reg[16]/D
  Path Group:             (none)
  Path Type:              Min at Fast Process Corner
  Data Path Delay:        0.274ns  (logic 0.197ns (72.021%)  route 0.077ns (27.979%))
  Logic Levels:           3  (FDRE=1 LUT6=1 MUXF7=1)

    Location             Delay type                Incr(ns)  Path(ns)    Netlist Resource(s)
  -------------------------------------------------------------------    -------------------
    SLICE_X0Y189         FDRE                         0.000     0.000 r  buffer_reg[4][16]/C
    SLICE_X0Y189         FDRE (Prop_fdre_C_Q)         0.118     0.118 r  buffer_reg[4][16]/Q
                         net (fo=1, routed)           0.077     0.195    buffer_reg[4][16]
    SLICE_X1Y189         LUT6 (Prop_lut6_I5_O)        0.028     0.223 r  data_to_send_on_M_TDATA[16]_i_3/O
                         net (fo=1, routed)           0.000     0.223    data_to_send_on_M_TDATA[16]_i_3_n_0
    SLICE_X1Y189         MUXF7 (Prop_muxf7_I1_O)      0.051     0.274 r  data_to_send_on_M_TDATA_reg[16]_i_1/O
                         net (fo=1, routed)           0.000     0.274    buffer[16]
    SLICE_X1Y189         FDRE                                         r  data_to_send_on_M_TDATA_reg[16]/D
  -------------------------------------------------------------------    -------------------





