Copyright 1986-2022 Xilinx, Inc. All Rights Reserved. Copyright 2022-2023 Advanced Micro Devices, Inc. All Rights Reserved.
------------------------------------------------------------------------------------------------------------------------------------------------------------------------------------------------------------------------------------------------
| Tool Version : Vivado v.2023.2 (lin64) Build 4029153 Fri Oct 13 20:13:54 MDT 2023
| Date         : Tue Mar 24 15:05:02 2026
| Host         : 1N13490K44 running 64-bit Ubuntu 22.04.5 LTS
| Command      : report_timing_summary -max_paths 10 -report_unconstrained -file width_conv_64_512_timing_summary_routed.rpt -pb width_conv_64_512_timing_summary_routed.pb -rpx width_conv_64_512_timing_summary_routed.rpx -warn_on_violation
| Design       : width_conv_64_512
| Device       : 7z045-ffg900
| Speed File   : -2  PRODUCTION 1.12 2019-11-22
| Design State : Routed
------------------------------------------------------------------------------------------------------------------------------------------------------------------------------------------------------------------------------------------------

Timing Summary Report

------------------------------------------------------------------------------------------------
| Timer Settings
| --------------
------------------------------------------------------------------------------------------------

  Enable Multi Corner Analysis               :  Yes
  Enable Pessimism Removal                   :  Yes
  Pessimism Removal Resolution               :  Nearest Common Node
  Enable Input Delay Default Clock           :  No
  Enable Preset / Clear Arcs                 :  No
  Disable Flight Delays                      :  No
  Ignore I/O Paths                           :  No
  Timing Early Launch at Borrowing Latches   :  No
  Borrow Time for Max Delay Exceptions       :  Yes
  Merge Timing Exceptions                    :  Yes
  Inter-SLR Compensation                     :  Conservative

  Corner  Analyze    Analyze    
  Name    Max Paths  Min Paths  
  ------  ---------  ---------  
  Slow    Yes        Yes        
  Fast    Yes        Yes        


------------------------------------------------------------------------------------------------
| Report Methodology
| ------------------
------------------------------------------------------------------------------------------------

Rule       Severity          Description                  Violations  
---------  ----------------  ---------------------------  ----------  
TIMING-17  Critical Warning  Non-clocked sequential cell  521         

Note: This report is based on the most recent report_methodology run and may not be up-to-date. Run report_methodology on the current design for the latest report.



check_timing report

Table of Contents
-----------------
1. checking no_clock (521)
2. checking constant_clock (0)
3. checking pulse_width_clock (0)
4. checking unconstrained_internal_endpoints (1553)
5. checking no_input_delay (36)
6. checking no_output_delay (259)
7. checking multiple_clock (0)
8. checking generated_clocks (0)
9. checking loops (0)
10. checking partial_input_delay (0)
11. checking partial_output_delay (0)
12. checking latch_loops (0)

1. checking no_clock (521)
--------------------------
 There are 521 register/latch pins with no clock driven by root clock pin: aclk (HIGH)


2. checking constant_clock (0)
------------------------------
 There are 0 register/latch pins with constant_clock.


3. checking pulse_width_clock (0)
---------------------------------
 There are 0 register/latch pins which need pulse_width check


4. checking unconstrained_internal_endpoints (1553)
---------------------------------------------------
 There are 1553 pins that are not constrained for maximum delay. (HIGH)

 There are 0 pins that are not constrained for maximum delay due to constant clock.


5. checking no_input_delay (36)
-------------------------------
 There are 36 input ports with no input delay specified. (HIGH)

 There are 0 input ports with no input delay but user has a false path constraint.


6. checking no_output_delay (259)
---------------------------------
 There are 259 ports with no output delay specified. (HIGH)

 There are 0 ports with no output delay but user has a false path constraint

 There are 0 ports with no output delay but with a timing clock defined on it or propagating through it


7. checking multiple_clock (0)
------------------------------
 There are 0 register/latch pins with multiple clocks.


8. checking generated_clocks (0)
--------------------------------
 There are 0 generated clocks that are not connected to a clock source.


9. checking loops (0)
---------------------
 There are 0 combinational loops in the design.


10. checking partial_input_delay (0)
------------------------------------
 There are 0 input ports with partial input delay specified.


11. checking partial_output_delay (0)
-------------------------------------
 There are 0 ports with partial output delay specified.


12. checking latch_loops (0)
----------------------------
 There are 0 combinational latch loops in the design through latch input



------------------------------------------------------------------------------------------------
| Design Timing Summary
| ---------------------
------------------------------------------------------------------------------------------------

    WNS(ns)      TNS(ns)  TNS Failing Endpoints  TNS Total Endpoints      WHS(ns)      THS(ns)  THS Failing Endpoints  THS Total Endpoints     WPWS(ns)     TPWS(ns)  TPWS Failing Endpoints  TPWS Total Endpoints  
    -------      -------  ---------------------  -------------------      -------      -------  ---------------------  -------------------     --------     --------  ----------------------  --------------------  
        inf        0.000                      0                 1812          inf        0.000                      0                 1812           NA           NA                      NA                    NA  


There are no user specified timing constraints.


------------------------------------------------------------------------------------------------
| Clock Summary
| -------------
------------------------------------------------------------------------------------------------


------------------------------------------------------------------------------------------------
| Intra Clock Table
| -----------------
------------------------------------------------------------------------------------------------

Clock             WNS(ns)      TNS(ns)  TNS Failing Endpoints  TNS Total Endpoints      WHS(ns)      THS(ns)  THS Failing Endpoints  THS Total Endpoints     WPWS(ns)     TPWS(ns)  TPWS Failing Endpoints  TPWS Total Endpoints  
-----             -------      -------  ---------------------  -------------------      -------      -------  ---------------------  -------------------     --------     --------  ----------------------  --------------------  


------------------------------------------------------------------------------------------------
| Inter Clock Table
| -----------------
------------------------------------------------------------------------------------------------

From Clock    To Clock          WNS(ns)      TNS(ns)  TNS Failing Endpoints  TNS Total Endpoints      WHS(ns)      THS(ns)  THS Failing Endpoints  THS Total Endpoints  
----------    --------          -------      -------  ---------------------  -------------------      -------      -------  ---------------------  -------------------  


------------------------------------------------------------------------------------------------
| Other Path Groups Table
| -----------------------
------------------------------------------------------------------------------------------------

Path Group    From Clock    To Clock          WNS(ns)      TNS(ns)  TNS Failing Endpoints  TNS Total Endpoints      WHS(ns)      THS(ns)  THS Failing Endpoints  THS Total Endpoints  
----------    ----------    --------          -------      -------  ---------------------  -------------------      -------      -------  ---------------------  -------------------  


------------------------------------------------------------------------------------------------
| User Ignored Path Table
| -----------------------
------------------------------------------------------------------------------------------------

Path Group    From Clock    To Clock    
----------    ----------    --------    


------------------------------------------------------------------------------------------------
| Unconstrained Path Table
| ------------------------
------------------------------------------------------------------------------------------------

Path Group    From Clock    To Clock    
----------    ----------    --------    
(none)                                    


------------------------------------------------------------------------------------------------
| Timing Details
| --------------
------------------------------------------------------------------------------------------------


--------------------------------------------------------------------------------------
Path Group:  (none)
From Clock:  
  To Clock:  

Max Delay          1812 Endpoints
Min Delay          1812 Endpoints
--------------------------------------------------------------------------------------


Max Delay Paths
--------------------------------------------------------------------------------------
Slack:                    inf
  Source:                 FSM_sequential_curr_state_reg[1]/C
                            (rising edge-triggered cell FDRE)
  Destination:            S_AXIS_TREADY
                            (output port)
  Path Group:             (none)
  Path Type:              Max at Slow Process Corner
  Data Path Delay:        8.911ns  (logic 2.325ns (26.096%)  route 6.585ns (73.904%))
  Logic Levels:           3  (FDRE=1 LUT1=1 OBUF=1)

    Location             Delay type                Incr(ns)  Path(ns)    Netlist Resource(s)
  -------------------------------------------------------------------    -------------------
    SLICE_X7Y173         FDRE                         0.000     0.000 r  FSM_sequential_curr_state_reg[1]/C
    SLICE_X7Y173         FDRE (Prop_fdre_C_Q)         0.223     0.223 f  FSM_sequential_curr_state_reg[1]/Q
                         net (fo=35, routed)          0.859     1.082    curr_state[1]
    SLICE_X8Y179         LUT1 (Prop_lut1_I0_O)        0.047     1.129 r  S_AXIS_TREADY_OBUF_inst_i_1/O
                         net (fo=1, routed)           5.727     6.855    S_AXIS_TREADY_OBUF
    L12                  OBUF (Prop_obuf_I_O)         2.055     8.911 r  S_AXIS_TREADY_OBUF_inst/O
                         net (fo=0)                   0.000     8.911    S_AXIS_TREADY
    L12                                                               r  S_AXIS_TREADY (OUT)
  -------------------------------------------------------------------    -------------------

Slack:                    inf
  Source:                 m_tlast_reg/C
                            (rising edge-triggered cell FDRE)
  Destination:            M_AXIS_TLAST
                            (output port)
  Path Group:             (none)
  Path Type:              Max at Slow Process Corner
  Data Path Delay:        8.450ns  (logic 2.248ns (26.603%)  route 6.202ns (73.397%))
  Logic Levels:           3  (FDRE=1 LUT2=1 OBUF=1)

    Location             Delay type                Incr(ns)  Path(ns)    Netlist Resource(s)
  -------------------------------------------------------------------    -------------------
    SLICE_X8Y179         FDRE                         0.000     0.000 r  m_tlast_reg/C
    SLICE_X8Y179         FDRE (Prop_fdre_C_Q)         0.259     0.259 r  m_tlast_reg/Q
                         net (fo=2, routed)           0.659     0.918    m_tlast_reg_n_0
    SLICE_X16Y192        LUT2 (Prop_lut2_I1_O)        0.043     0.961 r  M_AXIS_TLAST_OBUF_inst_i_1/O
                         net (fo=1, routed)           5.543     6.504    M_AXIS_TLAST_OBUF
    M10                  OBUF (Prop_obuf_I_O)         1.946     8.450 r  M_AXIS_TLAST_OBUF_inst/O
                         net (fo=0)                   0.000     8.450    M_AXIS_TLAST
    M10                                                               r  M_AXIS_TLAST (OUT)
  -------------------------------------------------------------------    -------------------

Slack:                    inf
  Source:                 aresetn
                            (input port)
  Destination:            data_to_send_on_M_TDATA_reg[231]/R
  Path Group:             (none)
  Path Type:              Max at Slow Process Corner
  Data Path Delay:        8.124ns  (logic 0.755ns (9.298%)  route 7.368ns (90.702%))
  Logic Levels:           2  (IBUF=1 LUT1=1)

    Location             Delay type                Incr(ns)  Path(ns)    Netlist Resource(s)
  -------------------------------------------------------------------    -------------------
    AA20                                              0.000     0.000 f  aresetn (IN)
                         net (fo=0)                   0.000     0.000    aresetn
    AA20                 IBUF (Prop_ibuf_I_O)         0.712     0.712 f  aresetn_IBUF_inst/O
                         net (fo=2, routed)           2.542     3.254    aresetn_IBUF
    SLICE_X4Y171         LUT1 (Prop_lut1_I0_O)        0.043     3.297 r  FSM_sequential_curr_state[1]_i_1/O
                         net (fo=520, routed)         4.826     8.124    FSM_sequential_curr_state[1]_i_1_n_0
    SLICE_X18Y184        FDRE                                         r  data_to_send_on_M_TDATA_reg[231]/R
  -------------------------------------------------------------------    -------------------

Slack:                    inf
  Source:                 aresetn
                            (input port)
  Destination:            data_to_send_on_M_TDATA_reg[232]/R
  Path Group:             (none)
  Path Type:              Max at Slow Process Corner
  Data Path Delay:        8.124ns  (logic 0.755ns (9.298%)  route 7.368ns (90.702%))
  Logic Levels:           2  (IBUF=1 LUT1=1)

    Location             Delay type                Incr(ns)  Path(ns)    Netlist Resource(s)
  -------------------------------------------------------------------    -------------------
    AA20                                              0.000     0.000 f  aresetn (IN)
                         net (fo=0)                   0.000     0.000    aresetn
    AA20                 IBUF (Prop_ibuf_I_O)         0.712     0.712 f  aresetn_IBUF_inst/O
                         net (fo=2, routed)           2.542     3.254    aresetn_IBUF
    SLICE_X4Y171         LUT1 (Prop_lut1_I0_O)        0.043     3.297 r  FSM_sequential_curr_state[1]_i_1/O
                         net (fo=520, routed)         4.826     8.124    FSM_sequential_curr_state[1]_i_1_n_0
    SLICE_X18Y184        FDRE                                         r  data_to_send_on_M_TDATA_reg[232]/R
  -------------------------------------------------------------------    -------------------

Slack:                    inf
  Source:                 aresetn
                            (input port)
  Destination:            data_to_send_on_M_TDATA_reg[230]/R
  Path Group:             (none)
  Path Type:              Max at Slow Process Corner
  Data Path Delay:        8.080ns  (logic 0.755ns (9.348%)  route 7.325ns (90.652%))
  Logic Levels:           2  (IBUF=1 LUT1=1)

    Location             Delay type                Incr(ns)  Path(ns)    Netlist Resource(s)
  -------------------------------------------------------------------    -------------------
    AA20                                              0.000     0.000 f  aresetn (IN)
                         net (fo=0)                   0.000     0.000    aresetn
    AA20                 IBUF (Prop_ibuf_I_O)         0.712     0.712 f  aresetn_IBUF_inst/O
                         net (fo=2, routed)           2.542     3.254    aresetn_IBUF
    SLICE_X4Y171         LUT1 (Prop_lut1_I0_O)        0.043     3.297 r  FSM_sequential_curr_state[1]_i_1/O
                         net (fo=520, routed)         4.783     8.080    FSM_sequential_curr_state[1]_i_1_n_0
    SLICE_X18Y183        FDRE                                         r  data_to_send_on_M_TDATA_reg[230]/R
  -------------------------------------------------------------------    -------------------

Slack:                    inf
  Source:                 aresetn
                            (input port)
  Destination:            data_to_send_on_M_TDATA_reg[226]/R
  Path Group:             (none)
  Path Type:              Max at Slow Process Corner
  Data Path Delay:        8.015ns  (logic 0.755ns (9.425%)  route 7.259ns (90.575%))
  Logic Levels:           2  (IBUF=1 LUT1=1)

    Location             Delay type                Incr(ns)  Path(ns)    Netlist Resource(s)
  -------------------------------------------------------------------    -------------------
    AA20                                              0.000     0.000 f  aresetn (IN)
                         net (fo=0)                   0.000     0.000    aresetn
    AA20                 IBUF (Prop_ibuf_I_O)         0.712     0.712 f  aresetn_IBUF_inst/O
                         net (fo=2, routed)           2.542     3.254    aresetn_IBUF
    SLICE_X4Y171         LUT1 (Prop_lut1_I0_O)        0.043     3.297 r  FSM_sequential_curr_state[1]_i_1/O
                         net (fo=520, routed)         4.718     8.015    FSM_sequential_curr_state[1]_i_1_n_0
    SLICE_X20Y179        FDRE                                         r  data_to_send_on_M_TDATA_reg[226]/R
  -------------------------------------------------------------------    -------------------

Slack:                    inf
  Source:                 aresetn
                            (input port)
  Destination:            data_to_send_on_M_TDATA_reg[220]/R
  Path Group:             (none)
  Path Type:              Max at Slow Process Corner
  Data Path Delay:        7.978ns  (logic 0.755ns (9.468%)  route 7.223ns (90.532%))
  Logic Levels:           2  (IBUF=1 LUT1=1)

    Location             Delay type                Incr(ns)  Path(ns)    Netlist Resource(s)
  -------------------------------------------------------------------    -------------------
    AA20                                              0.000     0.000 f  aresetn (IN)
                         net (fo=0)                   0.000     0.000    aresetn
    AA20                 IBUF (Prop_ibuf_I_O)         0.712     0.712 f  aresetn_IBUF_inst/O
                         net (fo=2, routed)           2.542     3.254    aresetn_IBUF
    SLICE_X4Y171         LUT1 (Prop_lut1_I0_O)        0.043     3.297 r  FSM_sequential_curr_state[1]_i_1/O
                         net (fo=520, routed)         4.681     7.978    FSM_sequential_curr_state[1]_i_1_n_0
    SLICE_X20Y183        FDRE                                         r  data_to_send_on_M_TDATA_reg[220]/R
  -------------------------------------------------------------------    -------------------

Slack:                    inf
  Source:                 aresetn
                            (input port)
  Destination:            data_to_send_on_M_TDATA_reg[221]/R
  Path Group:             (none)
  Path Type:              Max at Slow Process Corner
  Data Path Delay:        7.978ns  (logic 0.755ns (9.468%)  route 7.223ns (90.532%))
  Logic Levels:           2  (IBUF=1 LUT1=1)

    Location             Delay type                Incr(ns)  Path(ns)    Netlist Resource(s)
  -------------------------------------------------------------------    -------------------
    AA20                                              0.000     0.000 f  aresetn (IN)
                         net (fo=0)                   0.000     0.000    aresetn
    AA20                 IBUF (Prop_ibuf_I_O)         0.712     0.712 f  aresetn_IBUF_inst/O
                         net (fo=2, routed)           2.542     3.254    aresetn_IBUF
    SLICE_X4Y171         LUT1 (Prop_lut1_I0_O)        0.043     3.297 r  FSM_sequential_curr_state[1]_i_1/O
                         net (fo=520, routed)         4.681     7.978    FSM_sequential_curr_state[1]_i_1_n_0
    SLICE_X20Y183        FDRE                                         r  data_to_send_on_M_TDATA_reg[221]/R
  -------------------------------------------------------------------    -------------------

Slack:                    inf
  Source:                 aresetn
                            (input port)
  Destination:            data_to_send_on_M_TDATA_reg[222]/R
  Path Group:             (none)
  Path Type:              Max at Slow Process Corner
  Data Path Delay:        7.978ns  (logic 0.755ns (9.468%)  route 7.223ns (90.532%))
  Logic Levels:           2  (IBUF=1 LUT1=1)

    Location             Delay type                Incr(ns)  Path(ns)    Netlist Resource(s)
  -------------------------------------------------------------------    -------------------
    AA20                                              0.000     0.000 f  aresetn (IN)
                         net (fo=0)                   0.000     0.000    aresetn
    AA20                 IBUF (Prop_ibuf_I_O)         0.712     0.712 f  aresetn_IBUF_inst/O
                         net (fo=2, routed)           2.542     3.254    aresetn_IBUF
    SLICE_X4Y171         LUT1 (Prop_lut1_I0_O)        0.043     3.297 r  FSM_sequential_curr_state[1]_i_1/O
                         net (fo=520, routed)         4.681     7.978    FSM_sequential_curr_state[1]_i_1_n_0
    SLICE_X20Y183        FDRE                                         r  data_to_send_on_M_TDATA_reg[222]/R
  -------------------------------------------------------------------    -------------------

Slack:                    inf
  Source:                 aresetn
                            (input port)
  Destination:            data_to_send_on_M_TDATA_reg[223]/R
  Path Group:             (none)
  Path Type:              Max at Slow Process Corner
  Data Path Delay:        7.978ns  (logic 0.755ns (9.468%)  route 7.223ns (90.532%))
  Logic Levels:           2  (IBUF=1 LUT1=1)

    Location             Delay type                Incr(ns)  Path(ns)    Netlist Resource(s)
  -------------------------------------------------------------------    -------------------
    AA20                                              0.000     0.000 f  aresetn (IN)
                         net (fo=0)                   0.000     0.000    aresetn
    AA20                 IBUF (Prop_ibuf_I_O)         0.712     0.712 f  aresetn_IBUF_inst/O
                         net (fo=2, routed)           2.542     3.254    aresetn_IBUF
    SLICE_X4Y171         LUT1 (Prop_lut1_I0_O)        0.043     3.297 r  FSM_sequential_curr_state[1]_i_1/O
                         net (fo=520, routed)         4.681     7.978    FSM_sequential_curr_state[1]_i_1_n_0
    SLICE_X20Y183        FDRE                                         r  data_to_send_on_M_TDATA_reg[223]/R
  -------------------------------------------------------------------    -------------------





Min Delay Paths
--------------------------------------------------------------------------------------
Slack:                    inf
  Source:                 buffer_reg[0][31]/C
                            (rising edge-triggered cell FDRE)
  Destination:            data_to_send_on_M_TDATA_reg[31]/D
  Path Group:             (none)
  Path Type:              Min at Fast Process Corner
  Data Path Delay:        0.209ns  (logic 0.100ns (47.949%)  route 0.109ns (52.051%))
  Logic Levels:           1  (FDRE=1)

    Location             Delay type                Incr(ns)  Path(ns)    Netlist Resource(s)
  -------------------------------------------------------------------    -------------------
    SLICE_X1Y181         FDRE                         0.000     0.000 r  buffer_reg[0][31]/C
    SLICE_X1Y181         FDRE (Prop_fdre_C_Q)         0.100     0.100 r  buffer_reg[0][31]/Q
                         net (fo=3, routed)           0.109     0.209    p_8_out[31]
    SLICE_X0Y181         FDRE                                         r  data_to_send_on_M_TDATA_reg[31]/D
  -------------------------------------------------------------------    -------------------

Slack:                    inf
  Source:                 buffer_reg[4][0]/C
                            (rising edge-triggered cell FDRE)
  Destination:            data_to_send_on_M_TDATA_reg[128]/D
  Path Group:             (none)
  Path Type:              Min at Fast Process Corner
  Data Path Delay:        0.212ns  (logic 0.100ns (47.169%)  route 0.112ns (52.831%))
  Logic Levels:           1  (FDRE=1)

    Location             Delay type                Incr(ns)  Path(ns)    Netlist Resource(s)
  -------------------------------------------------------------------    -------------------
    SLICE_X3Y174         FDRE                         0.000     0.000 r  buffer_reg[4][0]/C
    SLICE_X3Y174         FDRE (Prop_fdre_C_Q)         0.100     0.100 r  buffer_reg[4][0]/Q
                         net (fo=3, routed)           0.112     0.212    p_8_out[128]
    SLICE_X3Y173         FDRE                                         r  data_to_send_on_M_TDATA_reg[128]/D
  -------------------------------------------------------------------    -------------------

Slack:                    inf
  Source:                 buffer_reg[4][10]/C
                            (rising edge-triggered cell FDRE)
  Destination:            data_to_send_on_M_TDATA_reg[138]/D
  Path Group:             (none)
  Path Type:              Min at Fast Process Corner
  Data Path Delay:        0.222ns  (logic 0.100ns (45.139%)  route 0.122ns (54.861%))
  Logic Levels:           1  (FDRE=1)

    Location             Delay type                Incr(ns)  Path(ns)    Netlist Resource(s)
  -------------------------------------------------------------------    -------------------
    SLICE_X5Y182         FDRE                         0.000     0.000 r  buffer_reg[4][10]/C
    SLICE_X5Y182         FDRE (Prop_fdre_C_Q)         0.100     0.100 r  buffer_reg[4][10]/Q
                         net (fo=3, routed)           0.122     0.222    p_8_out[138]
    SLICE_X0Y182         FDRE                                         r  data_to_send_on_M_TDATA_reg[138]/D
  -------------------------------------------------------------------    -------------------

Slack:                    inf
  Source:                 buffer_reg[4][8]/C
                            (rising edge-triggered cell FDRE)
  Destination:            data_to_send_on_M_TDATA_reg[136]/D
  Path Group:             (none)
  Path Type:              Min at Fast Process Corner
  Data Path Delay:        0.231ns  (logic 0.118ns (51.163%)  route 0.113ns (48.837%))
  Logic Levels:           1  (FDRE=1)

    Location             Delay type                Incr(ns)  Path(ns)    Netlist Resource(s)
  -------------------------------------------------------------------    -------------------
    SLICE_X2Y181         FDRE                         0.000     0.000 r  buffer_reg[4][8]/C
    SLICE_X2Y181         FDRE (Prop_fdre_C_Q)         0.118     0.118 r  buffer_reg[4][8]/Q
                         net (fo=3, routed)           0.113     0.231    p_8_out[136]
    SLICE_X0Y180         FDRE                                         r  data_to_send_on_M_TDATA_reg[136]/D
  -------------------------------------------------------------------    -------------------

Slack:                    inf
  Source:                 buffer_reg[4][17]/C
                            (rising edge-triggered cell FDRE)
  Destination:            data_to_send_on_M_TDATA_reg[145]/D
  Path Group:             (none)
  Path Type:              Min at Fast Process Corner
  Data Path Delay:        0.231ns  (logic 0.118ns (51.163%)  route 0.113ns (48.837%))
  Logic Levels:           1  (FDRE=1)

    Location             Delay type                Incr(ns)  Path(ns)    Netlist Resource(s)
  -------------------------------------------------------------------    -------------------
    SLICE_X2Y191         FDRE                         0.000     0.000 r  buffer_reg[4][17]/C
    SLICE_X2Y191         FDRE (Prop_fdre_C_Q)         0.118     0.118 r  buffer_reg[4][17]/Q
                         net (fo=3, routed)           0.113     0.231    p_8_out[145]
    SLICE_X1Y190         FDRE                                         r  data_to_send_on_M_TDATA_reg[145]/D
  -------------------------------------------------------------------    -------------------

Slack:                    inf
  Source:                 buffer_reg[0][31]/C
                            (rising edge-triggered cell FDRE)
  Destination:            buffer_reg[0][31]/D
  Path Group:             (none)
  Path Type:              Min at Fast Process Corner
  Data Path Delay:        0.235ns  (logic 0.128ns (54.571%)  route 0.107ns (45.429%))
  Logic Levels:           2  (FDRE=1 LUT5=1)

    Location             Delay type                Incr(ns)  Path(ns)    Netlist Resource(s)
  -------------------------------------------------------------------    -------------------
    SLICE_X1Y181         FDRE                         0.000     0.000 r  buffer_reg[0][31]/C
    SLICE_X1Y181         FDRE (Prop_fdre_C_Q)         0.100     0.100 r  buffer_reg[0][31]/Q
                         net (fo=3, routed)           0.107     0.207    p_8_out[31]
    SLICE_X1Y181         LUT5 (Prop_lut5_I2_O)        0.028     0.235 r  buffer[0][31]_i_2/O
                         net (fo=1, routed)           0.000     0.235    buffer[0][31]_i_2_n_0
    SLICE_X1Y181         FDRE                                         r  buffer_reg[0][31]/D
  -------------------------------------------------------------------    -------------------

Slack:                    inf
  Source:                 buffer_reg[5][19]/C
                            (rising edge-triggered cell FDRE)
  Destination:            buffer_reg[5][19]/D
  Path Group:             (none)
  Path Type:              Min at Fast Process Corner
  Data Path Delay:        0.235ns  (logic 0.128ns (54.484%)  route 0.107ns (45.516%))
  Logic Levels:           2  (FDRE=1 LUT5=1)

    Location             Delay type                Incr(ns)  Path(ns)    Netlist Resource(s)
  -------------------------------------------------------------------    -------------------
    SLICE_X5Y192         FDRE                         0.000     0.000 r  buffer_reg[5][19]/C
    SLICE_X5Y192         FDRE (Prop_fdre_C_Q)         0.100     0.100 r  buffer_reg[5][19]/Q
                         net (fo=3, routed)           0.107     0.207    p_8_out[179]
    SLICE_X5Y192         LUT5 (Prop_lut5_I2_O)        0.028     0.235 r  buffer[5][19]_i_1/O
                         net (fo=1, routed)           0.000     0.235    buffer[5][19]_i_1_n_0
    SLICE_X5Y192         FDRE                                         r  buffer_reg[5][19]/D
  -------------------------------------------------------------------    -------------------

Slack:                    inf
  Source:                 buffer_reg[0][13]/C
                            (rising edge-triggered cell FDRE)
  Destination:            data_to_send_on_M_TDATA_reg[13]/D
  Path Group:             (none)
  Path Type:              Min at Fast Process Corner
  Data Path Delay:        0.238ns  (logic 0.118ns (49.661%)  route 0.120ns (50.339%))
  Logic Levels:           1  (FDRE=1)

    Location             Delay type                Incr(ns)  Path(ns)    Netlist Resource(s)
  -------------------------------------------------------------------    -------------------
    SLICE_X0Y187         FDRE                         0.000     0.000 r  buffer_reg[0][13]/C
    SLICE_X0Y187         FDRE (Prop_fdre_C_Q)         0.118     0.118 r  buffer_reg[0][13]/Q
                         net (fo=3, routed)           0.120     0.238    p_8_out[13]
    SLICE_X0Y189         FDRE                                         r  data_to_send_on_M_TDATA_reg[13]/D
  -------------------------------------------------------------------    -------------------

Slack:                    inf
  Source:                 buffer_reg[1][23]/C
                            (rising edge-triggered cell FDRE)
  Destination:            buffer_reg[1][23]/D
  Path Group:             (none)
  Path Type:              Min at Fast Process Corner
  Data Path Delay:        0.238ns  (logic 0.128ns (53.778%)  route 0.110ns (46.222%))
  Logic Levels:           2  (FDRE=1 LUT5=1)

    Location             Delay type                Incr(ns)  Path(ns)    Netlist Resource(s)
  -------------------------------------------------------------------    -------------------
    SLICE_X3Y194         FDRE                         0.000     0.000 r  buffer_reg[1][23]/C
    SLICE_X3Y194         FDRE (Prop_fdre_C_Q)         0.100     0.100 r  buffer_reg[1][23]/Q
                         net (fo=3, routed)           0.110     0.210    p_8_out[55]
    SLICE_X3Y194         LUT5 (Prop_lut5_I2_O)        0.028     0.238 r  buffer[1][23]_i_1/O
                         net (fo=1, routed)           0.000     0.238    buffer[1][23]_i_1_n_0
    SLICE_X3Y194         FDRE                                         r  buffer_reg[1][23]/D
  -------------------------------------------------------------------    -------------------

Slack:                    inf
  Source:                 buffer_reg[6][29]/C
                            (rising edge-triggered cell FDRE)
  Destination:            buffer_reg[6][29]/D
  Path Group:             (none)
  Path Type:              Min at Fast Process Corner
  Data Path Delay:        0.239ns  (logic 0.128ns (53.617%)  route 0.111ns (46.383%))
  Logic Levels:           2  (FDRE=1 LUT5=1)

    Location             Delay type                Incr(ns)  Path(ns)    Netlist Resource(s)
  -------------------------------------------------------------------    -------------------
    SLICE_X7Y178         FDRE                         0.000     0.000 r  buffer_reg[6][29]/C
    SLICE_X7Y178         FDRE (Prop_fdre_C_Q)         0.100     0.100 r  buffer_reg[6][29]/Q
                         net (fo=3, routed)           0.111     0.211    p_8_out[221]
    SLICE_X7Y178         LUT5 (Prop_lut5_I2_O)        0.028     0.239 r  buffer[6][29]_i_1/O
                         net (fo=1, routed)           0.000     0.239    buffer[6][29]_i_1_n_0
    SLICE_X7Y178         FDRE                                         r  buffer_reg[6][29]/D
  -------------------------------------------------------------------    -------------------





